<?xml version="1.0" encoding="UTF-8"?>
<!-- Generated by org.testng.reporters.JUnitXMLReporter -->
<testsuite ignored="0" hostname="LAPTOP-431553IG" failures="0" tests="3" name="Test" time="11.934" errors="0" timestamp="2024-04-13T12:06:41 IST">
  <testcase classname="comm.automation.revision.jenkinsupload" name="testcase1" time="2.867"/>
  <testcase classname="comm.automation.revision.jenkinsupload" name="testcase2" time="1.362"/>
  <testcase classname="comm.automation.revision.jenkinsupload" name="testcase3" time="2.149"/>
</testsuite> <!-- Test -->
