<?xml version="1.0" encoding="UTF-8"?>
<testng-results ignored="0" total="3" passed="3" failed="0" skipped="0">
  <reporter-output>
  </reporter-output>
  <suite started-at="2024-04-13T12:04:36 IST" name="Suite" finished-at="2024-04-13T12:04:51 IST" duration-ms="14527">
    <groups>
    </groups>
    <test started-at="2024-04-13T12:04:36 IST" name="Test" finished-at="2024-04-13T12:04:51 IST" duration-ms="14527">
      <class name="comm.automation.revision.jenkinsupload">
        <test-method is-config="true" signature="systemrun()[pri:0, instance:comm.automation.revision.jenkinsupload@662b4c69]" started-at="2024-04-13T12:04:36 IST" name="systemrun" finished-at="2024-04-13T12:04:41 IST" duration-ms="4853" status="PASS">
          <reporter-output>
          </reporter-output>
        </test-method> <!-- systemrun -->
        <test-method signature="testcase1()[pri:0, instance:comm.automation.revision.jenkinsupload@662b4c69]" started-at="2024-04-13T12:04:41 IST" name="testcase1" finished-at="2024-04-13T12:04:44 IST" duration-ms="2556" status="PASS">
          <reporter-output>
          </reporter-output>
        </test-method> <!-- testcase1 -->
        <test-method is-config="true" signature="teardown()[pri:0, instance:comm.automation.revision.jenkinsupload@662b4c69]" started-at="2024-04-13T12:04:44 IST" name="teardown" finished-at="2024-04-13T12:04:44 IST" duration-ms="57" status="PASS">
          <reporter-output>
          </reporter-output>
        </test-method> <!-- teardown -->
        <test-method is-config="true" signature="systemrun()[pri:0, instance:comm.automation.revision.jenkinsupload@662b4c69]" started-at="2024-04-13T12:04:44 IST" name="systemrun" finished-at="2024-04-13T12:04:45 IST" duration-ms="1487" status="PASS">
          <reporter-output>
          </reporter-output>
        </test-method> <!-- systemrun -->
        <test-method signature="testcase2()[pri:0, instance:comm.automation.revision.jenkinsupload@662b4c69]" started-at="2024-04-13T12:04:45 IST" name="testcase2" finished-at="2024-04-13T12:04:47 IST" duration-ms="1744" status="PASS">
          <reporter-output>
          </reporter-output>
        </test-method> <!-- testcase2 -->
        <test-method is-config="true" signature="teardown()[pri:0, instance:comm.automation.revision.jenkinsupload@662b4c69]" started-at="2024-04-13T12:04:47 IST" name="teardown" finished-at="2024-04-13T12:04:47 IST" duration-ms="84" status="PASS">
          <reporter-output>
          </reporter-output>
        </test-method> <!-- teardown -->
        <test-method is-config="true" signature="systemrun()[pri:0, instance:comm.automation.revision.jenkinsupload@662b4c69]" started-at="2024-04-13T12:04:47 IST" name="systemrun" finished-at="2024-04-13T12:04:49 IST" duration-ms="1732" status="PASS">
          <reporter-output>
          </reporter-output>
        </test-method> <!-- systemrun -->
        <test-method signature="testcase3()[pri:0, instance:comm.automation.revision.jenkinsupload@662b4c69]" started-at="2024-04-13T12:04:49 IST" name="testcase3" finished-at="2024-04-13T12:04:51 IST" duration-ms="1915" status="PASS">
          <reporter-output>
          </reporter-output>
        </test-method> <!-- testcase3 -->
        <test-method is-config="true" signature="teardown()[pri:0, instance:comm.automation.revision.jenkinsupload@662b4c69]" started-at="2024-04-13T12:04:51 IST" name="teardown" finished-at="2024-04-13T12:04:51 IST" duration-ms="62" status="PASS">
          <reporter-output>
          </reporter-output>
        </test-method> <!-- teardown -->
      </class> <!-- comm.automation.revision.jenkinsupload -->
    </test> <!-- Test -->
  </suite> <!-- Suite -->
</testng-results>
